<?xml version="1.0" encoding="UTF-8"?>
<!-- Generated by org.testng.reporters.JUnitReportReporter -->
<testsuite hostname="LAPTOP-667LNVT2" failures="0" tests="1" name="com.dev.selenium.SeleniumActions" time="11.769" errors="0" timestamp="2022-08-02T08:04:24 IST" skipped="0">
  <testcase classname="com.dev.selenium.SeleniumActions" name="dragAndDrop" time="11.769"/>
  <system-out/>
</testsuite> <!-- com.dev.selenium.SeleniumActions -->
