<?xml version="1.0" encoding="UTF-8"?>
<!-- Generated by org.testng.reporters.JUnitReportReporter -->
<testsuite hostname="LAPTOP-667LNVT2" failures="0" tests="1" name="com.dev.selenium.WebDriverAPITest" time="92.501" errors="0" timestamp="2022-07-29T08:00:50 IST" skipped="0">
  <testcase classname="com.dev.selenium.WebDriverAPITest" name="handlePopUpWindow" time="92.501"/>
  <system-out/>
</testsuite> <!-- com.dev.selenium.WebDriverAPITest -->
