<?xml version="1.0" encoding="UTF-8"?>
<!-- Generated by org.testng.reporters.JUnitReportReporter -->
<testsuite hostname="LAPTOP-667LNVT2" failures="0" tests="7" name="com.dev.testng.ValidateMaths" time="0.056" errors="0" timestamp="2022-07-19T07:24:45 IST" skipped="1">
  <testcase classname="com.dev.testng.ValidateMaths" name="testEvenNum" time="0.013"/>
  <system-out/>
  <testcase classname="com.dev.testng.ValidateMaths" name="testMultiply" time="0.009"/>
  <system-out/>
  <testcase classname="com.dev.testng.ValidateMaths" name="testMultiply" time="0.007"/>
  <system-out/>
  <testcase classname="com.dev.testng.ValidateMaths" name="testAdd" time="0.007"/>
  <system-out/>
  <testcase classname="com.dev.testng.ValidateMaths" name="testAdd" time="0.006"/>
  <system-out/>
  <testcase classname="com.dev.testng.ValidateMaths" name="testAdd" time="0.014"/>
  <system-out/>
  <testcase classname="com.dev.testng.ValidateMaths" name="testOddNum">
    <skipped/>
  </testcase> <!-- testOddNum -->
  <system-out/>
</testsuite> <!-- com.dev.testng.ValidateMaths -->
