<?xml version="1.0" encoding="UTF-8"?>
<!-- Generated by org.testng.reporters.JUnitReportReporter -->
<testsuite hostname="LAPTOP-667LNVT2" failures="0" tests="1" name="com.dev.selenium.WebElementAPITest" time="8.587" errors="0" timestamp="2022-08-01T08:19:05 IST" skipped="0">
  <testcase classname="com.dev.selenium.WebElementAPITest" name="getTagName" time="8.587"/>
  <system-out/>
</testsuite> <!-- com.dev.selenium.WebElementAPITest -->
